[Licensing::Module] Trying to connect to existing licensing client channel...
[Licensing::IpcConnector] Successfully connected to the License Client on channel: "LicenseClient-super" at "2025-06-21T14:58:45.3519254Z"
[Licensing::Client] Error: Code 10 while verifying Licensing Client signature (process Id: 9860, path: "C:/Program Files/Unity Hub/UnityLicensingClient_V1/Unity.Licensing.Client.exe")
[Licensing::Module] Error: LicensingClient has failed validation; ignoring
[Licensing::Client] Handshaking with LicensingClient:
  Version:                 1.17.0+aa6cfba
  Session Id:              8c301e1f8cad4de8808b7a92a10184b4
  Correlation Id:          906dd2d8184efbb1182e18187a6273a4
  External correlation Id: 7803893499159767
  Machine Id:              ph/O8e9dBd3MGPAEqifNtEsbu3g=
[Licensing::Module] Successfully connected to LicensingClient on channel: "LicenseClient-super" (connect: 0.00s, validation: 0.02s, handshake: 0.09s)
[Licensing::IpcConnector] Successfully connected to the License Notification on channel: "LicenseClient-super-notifications" at "2025-06-21T14:58:45.4543588Z"
[Licensing::Module] Error: Access token is unavailable; failed to update
[Licensing::Client] Successfully updated license
Built from '2022.3/staging' branch; Version is '2022.3.17f1 (4fc78088f837) revision 5228416'; Using compiler version '192829333'; Build Type 'Release'
OS: 'Windows 11  (10.0.26100) 64bit Core' Language: 'ko' Physical Memory: 15906 MB
[Licensing::Client] Successfully resolved entitlements
[Licensing::Module] Serial number assigned to: "14569655980243-UnityPersXXXX"
BatchMode: 1, IsHumanControllingUs: 0, StartBugReporterOnCrash: 0, Is64bit: 1, IsPro: 0

COMMAND LINE ARGUMENTS:
C:\Program Files\Unity\Hub\Editor\2022.3.17f1\Editor\Unity.exe
-projectPath
.
-quit
-batchmode
-executeMethod
UnityEditor.EditorApplication.Exit
-logFile
console.log
Successfully changed project path to: C:/Users/super/OneDrive/ë¬¸ì„œ/GitHub/Twelve
C:/Users/super/OneDrive/ë¬¸ì„œ/GitHub/Twelve
It looks like another Unity instance is running with this project open.

Multiple Unity instances cannot open the same project.

Project: C:/Users/super/OneDrive/ë¬¸ì„œ/GitHub/Twelve
Fatal Error! It looks like another Unity instance is running with this project open.

Multiple Unity instances cannot open the same project.

Project: C:/Users/super/OneDrive/ë¬¸ì„œ/GitHub/Twelve
Crash!!!
SymInit: Symbol-SearchPath: 'C:/Program Files/Unity/Hub/Editor/2022.3.17f1/Editor/Data/Mono;.;C:\Users\super\OneDrive\¹®¼­\GitHub\Twelve;C:\Users\super\OneDrive\¹®¼­\GitHub\Twelve\Library\BurstCache\JIT;C:\Program Files\Unity\Hub\Editor\2022.3.17f1\Editor;C:\Windows;C:\Windows\syste', symOptions: 534, UserName: 'super'
OS-Version: 10.0.0
C:\Program Files\Unity\Hub\Editor\2022.3.17f1\Editor\Unity.exe:Unity.exe (00007FF7E81E0000), size: 82321408 (result: 0), SymType: '-deferred-', PDB: '', fileVersion: 2022.3.17.51072
C:\Windows\SYSTEM32\ntdll.dll:ntdll.dll (00007FFEA2680000), size: 2510848 (result: 0), SymType: '-deferred-', PDB: '', fileVersion: 10.0.26100.4202
C:\Windows\System32\KERNEL32.DLL:KERNEL32.DLL (00007FFEA1050000), size: 823296 (result: 0), SymType: '-deferred-', PDB: '', fileVersion: 10.0.26100.4202
C:\Windows\System32\KERNELBASE.dll:KERNELBASE.dll (00007FFEA0030000), size: 4096000 (result: 0), SymType: '-deferred-', PDB: '', fileVersion: 10.0.26100.4202
C:\Windows\System32\CRYPT32.dll:CRYPT32.dll (00007FFE9FEB0000), size: 1536000 (result: 0), SymType: '-deferred-', PDB: '', fileVersion: 10.0.26100.3775
C:\Windows\System32\ucrtbase.dll:ucrtbase.dll (00007FFE9FAF0000), size: 1355776 (result: 0), SymType: '-deferred-', PDB: '', fileVersion: 10.0.26100.4202
C:\Windows\System32\USER32.dll:USER32.dll (00007FFEA1120000), size: 1875968 (result: 0), SymType: '-deferred-', PDB: '', fileVersion: 10.0.26100.4202
C:\Windows\System32\win32u.dll:win32u.dll (00007FFE9FE80000), size: 159744 (result: 0), SymType: '-deferred-', PDB: '', fileVersion: 10.0.26100.4343
C:\Windows\System32\GDI32.dll:GDI32.dll (00007FFEA16B0000), size: 176128 (result: 0), SymType: '-deferred-', PDB: '', fileVersion: 10.0.26100.4202
C:\Windows\System32\gdi32full.dll:gdi32full.dll (00007FFE9F9B0000), size: 1273856 (result: 0), SymType: '-deferred-', PDB: '', fileVersion: 10.0.26100.4202
C:\Windows\System32\msvcp_win.dll:msvcp_win.dll (00007FFE9F900000), size: 667648 (result: 0), SymType: '-deferred-', PDB: '', fileVersion: 10.0.26100.4202
C:\Windows\System32\ADVAPI32.dll:ADVAPI32.dll (00007FFEA2480000), size: 733184 (result: 0), SymType: '-deferred-', PDB: '', fileVersion: 10.0.26100.4202
C:\Windows\System32\msvcrt.dll:msvcrt.dll (00007FFEA12F0000), size: 692224 (result: 0), SymType: '-deferred-', PDB: '', fileVersion: 7.0.26100.4202
C:\Windows\System32\sechost.dll:sechost.dll (00007FFEA05F0000), size: 679936 (result: 0), SymType: '-deferred-', PDB: '', fileVersion: 10.0.26100.4202
C:\Windows\System32\RPCRT4.dll:RPCRT4.dll (00007FFEA13A0000), size: 1134592 (result: 0), SymType: '-deferred-', PDB: '', fileVersion: 10.0.26100.4202
C:\Windows\System32\SHELL32.dll:SHELL32.dll (00007FFEA16E0000), size: 7610368 (result: 0), SymType: '-deferred-', PDB: '', fileVersion: 10.0.26100.4202
C:\Windows\System32\wintypes.dll:wintypes.dll (00007FFE9FC40000), size: 1523712 (result: 0), SymType: '-deferred-', PDB: '', fileVersion: 10.0.26100.4202
C:\Windows\System32\combase.dll:combase.dll (00007FFEA0CC0000), size: 3690496 (result: 0), SymType: '-deferred-', PDB: '', fileVersion: 10.0.26100.4202
C:\Windows\System32\SHLWAPI.dll:SHLWAPI.dll (00007FFEA06F0000), size: 434176 (result: 0), SymType: '-deferred-', PDB: '', fileVersion: 10.0.26100.4202
C:\Windows\System32\ole32.dll:ole32.dll (00007FFEA0430000), size: 1695744 (result: 0), SymType: '-deferred-', PDB: '', fileVersion: 10.0.26100.4202
C:\Windows\System32\IMM32.dll:IMM32.dll (00007FFEA14C0000), size: 196608 (result: 0), SymType: '-deferred-', PDB: '', fileVersion: 10.0.26100.4202
C:\Windows\System32\SETUPAPI.dll:SETUPAPI.dll (00007FFEA1E30000), size: 4743168 (result: 0), SymType: '-deferred-', PDB: '', fileVersion: 10.0.26100.4202
C:\Windows\System32\WS2_32.dll:WS2_32.dll (00007FFEA25C0000), size: 475136 (result: 0), SymType: '-deferred-', PDB: '', fileVersion: 10.0.26100.4061
C:\Windows\System32\OLEAUT32.dll:OLEAUT32.dll (00007FFEA0B20000), size: 921600 (result: 0), SymType: '-deferred-', PDB: '', fileVersion: 10.0.26100.4202
C:\Windows\System32\WINTRUST.dll:WINTRUST.dll (00007FFE9F7D0000), size: 540672 (result: 0), SymType: '-deferred-', PDB: '', fileVersion: 10.0.26100.4349
C:\Program Files\Unity\Hub\Editor\2022.3.17f1\Editor\libfbxsdk.dll:libfbxsdk.dll (00007FFD7EB10000), size: 10067968 (result: 0), SymType: '-deferred-', PDB: '', fileVersion: 2020.3.3.0
C:\Program Files\Unity\Hub\Editor\2022.3.17f1\Editor\s3tcompress.dll:s3tcompress.dll (00007FFE93420000), size: 180224 (result: 0), SymType: '-deferred-', PDB: ''
C:\Program Files\Unity\Hub\Editor\2022.3.17f1\Editor\ispc_texcomp.dll:ispc_texcomp.dll (00007FFE86DC0000), size: 1826816 (result: 0), SymType: '-deferred-', PDB: ''
C:\Program Files\Unity\Hub\Editor\2022.3.17f1\Editor\WinPixEventRuntime.dll:WinPixEventRuntime.dll (00007FFE96F40000), size: 45056 (result: 0), SymType: '-deferred-', PDB: '', fileVersion: 1.0.1812.6001
C:\Program Files\Unity\Hub\Editor\2022.3.17f1\Editor\compress_bc7e.dll:compress_bc7e.dll (00007FFDF53A0000), size: 1433600 (result: 0), SymType: '-deferred-', PDB: ''
C:\Windows\SYSTEM32\OPENGL32.dll:OPENGL32.dll (00007FFD71770000), size: 1130496 (result: 0), SymType: '-deferred-', PDB: '', fileVersion: 10.0.26100.4202
C:\Windows\SYSTEM32\GLU32.dll:GLU32.dll (00007FFD85B00000), size: 184320 (result: 0), SymType: '-deferred-', PDB: '', fileVersion: 10.0.26100.1150
C:\Windows\SYSTEM32\IPHLPAPI.DLL:IPHLPAPI.DLL (00007FFE9E050000), size: 208896 (result: 0), SymType: '-deferred-', PDB: '', fileVersion: 10.0.26100.4202
C:\Windows\SYSTEM32\WINHTTP.dll:WINHTTP.dll (00007FFE93680000), size: 1171456 (result: 0), SymType: '-deferred-', PDB: '', fileVersion: 10.0.26100.4202
C:\Windows\SYSTEM32\WINMM.dll:WINMM.dll (00007FFE92FE0000), size: 217088 (result: 0), SymType: '-deferred-', PDB: '', fileVersion: 10.0.26100.4202
C:\Windows\SYSTEM32\bcrypt.dll:bcrypt.dll (00007FFE9F6B0000), size: 155648 (result: 0), SymType: '-deferred-', PDB: '', fileVersion: 10.0.26100.4061
C:\Windows\SYSTEM32\HID.DLL:HID.DLL (00007FFE9DC90000), size: 61440 (result: 0), SymType: '-deferred-', PDB: '', fileVersion: 10.0.26100.1150
C:\Windows\SYSTEM32\dwmapi.dll:dwmapi.dll (00007FFE97870000), size: 221184 (result: 0), SymType: '-deferred-', PDB: '', fileVersion: 10.0.26100.4202
C:\Program Files\Unity\Hub\Editor\2022.3.17f1\Editor\umbraoptimizer64.dll:umbraoptimizer64.dll (00007FFE1DE30000), size: 1187840 (result: 0), SymType: '-deferred-', PDB: ''
C:\Program Files\Unity\Hub\Editor\2022.3.17f1\Editor\OpenRL.dll:OpenRL.dll (0000000180000000), size: 12779520 (result: 0), SymType: '-deferred-', PDB: '', fileVersion: 1.5.0.2907
C:\Program Files\Unity\Hub\Editor\2022.3.17f1\Editor\SketchUpAPI.dll:SketchUpAPI.dll (00007FFD7BFF0000), size: 8990720 (result: 0), SymType: '-deferred-', PDB: '', fileVersion: 23.0.0.0
C:\Windows\SYSTEM32\VERSION.dll:VERSION.dll (00007FFE7E720000), size: 45056 (result: 0), SymType: '-deferred-', PDB: '', fileVersion: 10.0.26100.1150
C:\Windows\SYSTEM32\WSOCK32.dll:WSOCK32.dll (00007FFDF7B30000), size: 40960 (result: 0), SymType: '-deferred-', PDB: '', fileVersion: 10.0.26100.1
C:\Windows\SYSTEM32\MSVCP140.dll:MSVCP140.dll (00007FFE7CBE0000), size: 577536 (result: 0), SymType: '-deferred-', PDB: '', fileVersion: 14.42.34433.0
C:\Windows\SYSTEM32\VCRUNTIME140.dll:VCRUNTIME140.dll (00007FFE7E220000), size: 122880 (result: 0), SymType: '-deferred-', PDB: '', fileVersion: 14.42.34433.0
C:\Windows\SYSTEM32\MSVCP100.dll:MSVCP100.dll (000000005E440000), size: 622592 (result: 0), SymType: '-deferred-', PDB: '', fileVersion: 10.0.40219.325
C:\Windows\SYSTEM32\MSVCR100.dll:MSVCR100.dll (000000005E360000), size: 860160 (result: 0), SymType: '-deferred-', PDB: '', fileVersion: 10.0.40219.325
C:\Program Files\Unity\Hub\Editor\2022.3.17f1\Editor\SketchUpCommonPreferences.dll:SketchUpCommonPreferences.dll (00007FFE59040000), size: 499712 (result: 0), SymType: '-deferred-', PDB: '', fileVersion: 23.0.0.0
C:\Windows\SYSTEM32\VCRUNTIME140_1.dll:VCRUNTIME140_1.dll (00007FFE82540000), size: 49152 (result: 0), SymType: '-deferred-', PDB: '', fileVersion: 14.42.34433.0
C:\Windows\SYSTEM32\Secur32.dll:Secur32.dll (00007FFE972C0000), size: 53248 (result: 0), SymType: '-deferred-', PDB: '', fileVersion: 10.0.26100.1
C:\Program Files\Unity\Hub\Editor\2022.3.17f1\Editor\etccompress.dll:etccompress.dll (00007FFDF0620000), size: 5066752 (result: 0), SymType: '-deferred-', PDB: ''
C:\Windows\SYSTEM32\SSPICLI.DLL:SSPICLI.DLL (00007FFE9E830000), size: 299008 (result: 0), SymType: '-deferred-', PDB: '', fileVersion: 10.0.26100.4202
C:\Windows\SYSTEM32\dxcore.dll:dxcore.dll (00007FFE97520000), size: 315392 (result: 0), SymType: '-deferred-', PDB: '', fileVersion: 10.0.26100.4202
C:\Program Files\Unity\Hub\Editor\2022.3.17f1\Editor\embree.dll:embree.dll (00007FFD7B000000), size: 16711680 (result: 0), SymType: '-deferred-', PDB: '', fileVersion: 2.14.0.0
C:\Program Files\Unity\Hub\Editor\2022.3.17f1\Editor\tbb.dll:tbb.dll (00007FFE508A0000), size: 413696 (result: 0), SymType: '-deferred-', PDB: '', fileVersion: 2017.0.2016.1004
C:\Windows\SYSTEM32\MSVCP120.dll:MSVCP120.dll (00007FFE48540000), size: 679936 (result: 0), SymType: '-deferred-', PDB: '', fileVersion: 12.0.21005.1
C:\Windows\SYSTEM32\MSVCR120.dll:MSVCR120.dll (00007FFDF7870000), size: 978944 (result: 0), SymType: '-deferred-', PDB: '', fileVersion: 12.0.21005.1
C:\Program Files\Unity\Hub\Editor\2022.3.17f1\Editor\OpenRL_pthread.dll:OpenRL_pthread.dll (000001E8353A0000), size: 61440 (result: 0), SymType: '-deferred-', PDB: '', fileVersion: 2.9.0.0
C:\Program Files\Unity\Hub\Editor\2022.3.17f1\Editor\FreeImage.dll:FreeImage.dll (000001E8353C0000), size: 6582272 (result: 0), SymType: '-deferred-', PDB: '', fileVersion: 3.18.0.0
C:\Windows\SYSTEM32\cfgmgr32.DLL:cfgmgr32.DLL (00007FFE9F340000), size: 356352 (result: 0), SymType: '-deferred-', PDB: '', fileVersion: 10.0.26100.4202
C:\Windows\SYSTEM32\MSWSOCK.DLL:MSWSOCK.DLL (00007FFE9EB00000), size: 434176 (result: 0), SymType: '-deferred-', PDB: '', fileVersion: 10.0.26100.4202
C:\Windows\SYSTEM32\MSASN1.dll:MSASN1.dll (00007FFE9EE20000), size: 77824 (result: 0), SymType: '-deferred-', PDB: '', fileVersion: 10.0.26100.4061
C:\Windows\System32\bcryptprimitives.dll:bcryptprimitives.dll (00007FFE9F860000), size: 626688 (result: 0), SymType: '-deferred-', PDB: '', fileVersion: 10.0.26100.4202
C:\Windows\SYSTEM32\kernel.appcore.dll:kernel.appcore.dll (00007FFE9E590000), size: 110592 (result: 0), SymType: '-deferred-', PDB: '', fileVersion: 10.0.26100.4202
C:\Windows\system32\uxtheme.dll:uxtheme.dll (00007FFE97400000), size: 716800 (result: 0), SymType: '-deferred-', PDB: '', fileVersion: 10.0.26100.4202
C:\Windows\SYSTEM32\windows.storage.dll:windows.storage.dll (00007FFE9D430000), size: 8749056 (result: 0), SymType: '-deferred-', PDB: '', fileVersion: 10.0.26100.4343
C:\Windows\System32\SHCORE.dll:SHCORE.dll (00007FFEA1530000), size: 987136 (result: 0), SymType: '-deferred-', PDB: '', fileVersion: 10.0.26100.4202
C:\Windows\SYSTEM32\profapi.dll:profapi.dll (00007FFE9F6E0000), size: 192512 (result: 0), SymType: '-deferred-', PDB: '', fileVersion: 10.0.26100.4202
C:\Windows\SYSTEM32\CRYPTSP.dll:CRYPTSP.dll (00007FFE9EDC0000), size: 110592 (result: 0), SymType: '-deferred-', PDB: '', fileVersion: 10.0.26100.4202
C:\Windows\system32\rsaenh.dll:rsaenh.dll (00007FFE9E4F0000), size: 237568 (result: 0), SymType: '-deferred-', PDB: '', fileVersion: 10.0.26100.4202
C:\Windows\SYSTEM32\CRYPTBASE.dll:CRYPTBASE.dll (00007FFE9EDB0000), size: 49152 (result: 0), SymType: '-deferred-', PDB: '', fileVersion: 10.0.26100.4061
C:\Windows\System32\imagehlp.dll:imagehlp.dll (00007FFEA1500000), size: 131072 (result: 0), SymType: '-deferred-', PDB: '', fileVersion: 10.0.26100.4202
C:\Windows\SYSTEM32\gpapi.dll:gpapi.dll (00007FFE9EB70000), size: 159744 (result: 0), SymType: '-deferred-', PDB: '', fileVersion: 10.0.26100.3323
C:\Windows\System32\cryptnet.dll:cryptnet.dll (00007FFE88FB0000), size: 241664 (result: 0), SymType: '-deferred-', PDB: '', fileVersion: 10.0.26100.3624
C:\Windows\SYSTEM32\WINNSI.DLL:WINNSI.DLL (00007FFE974C0000), size: 57344 (result: 0), SymType: '-deferred-', PDB: '', fileVersion: 10.0.26100.4202
C:\Windows\System32\NSI.dll:NSI.dll (00007FFEA0760000), size: 40960 (result: 0), SymType: '-deferred-', PDB: '', fileVersion: 10.0.26100.4061
C:\Windows\system32\IconCodecService.dll:IconCodecService.dll (00007FFE89830000), size: 45056 (result: 0), SymType: '-deferred-', PDB: '', fileVersion: 10.0.26100.1
C:\Windows\SYSTEM32\WindowsCodecs.dll:WindowsCodecs.dll (00007FFE95800000), size: 2330624 (result: 0), SymType: '-deferred-', PDB: '', fileVersion: 10.0.26100.4202
C:\Windows\System32\clbcatq.dll:clbcatq.dll (00007FFEA0C10000), size: 688128 (result: 0), SymType: '-deferred-', PDB: '', fileVersion: 2001.12.10941.16384
C:\Windows\System32\netprofm.dll:netprofm.dll (00007FFE93610000), size: 413696 (result: 0), SymType: '-deferred-', PDB: '', fileVersion: 10.0.26100.2454
C:\Windows\System32\npmproxy.dll:npmproxy.dll (00007FFE7F120000), size: 102400 (result: 0), SymType: '-deferred-', PDB: '', fileVersion: 10.0.26100.1150
C:\Windows\SYSTEM32\dbghelp.dll:dbghelp.dll (00007FFE9CF10000), size: 2363392 (result: 0), SymType: '-deferred-', PDB: '', fileVersion: 10.0.26100.4202

========== OUTPUTTING STACK TRACE ==================

0x00007FFEA00F85EA (KERNELBASE) RaiseException
0x00007FF7E9D96A20 (Unity) EditorMonoConsole::LogToConsoleImplementation
0x00007FF7E9D9749D (Unity) EditorMonoConsole::LogToConsoleImplementation
0x00007FF7EAA4948F (Unity) DebugStringToFilePostprocessedStacktrace
0x00007FF7EAA48BEA (Unity) DebugStringToFile
0x00007FF7E9F0D5D7 (Unity) HandleProjectAlreadyOpenInAnotherInstance
0x00007FF7E9F1022A (Unity) Application::InitializeProject
0x00007FF7EA39AF35 (Unity) WinMain
0x00007FF7EB77A7BE (Unity) __scrt_common_main_seh
0x00007FFEA107E8D7 (KERNEL32) BaseThreadInitThunk
0x00007FFEA26BC34C (ntdll) RtlUserThreadStart

========== END OF STACKTRACE ===========

A crash has been intercepted by the crash handler. For call stack and other details, see the latest crash report generated in:
 * C:/Users/super/AppData/Local/Temp/Unity/Editor/Crashes
